CRITICAL - 2023-07-04 06:39:20 --> Unknown database 'ci4_barang'
#0 C:\wamp64\www\coba\cdr\vendor\codeigniter4\framework\system\Database\BaseConnection.php(377): CodeIgniter\Database\MySQLi\Connection->connect(false)
#1 C:\wamp64\www\coba\cdr\vendor\codeigniter4\framework\system\Database\BaseConnection.php(643): CodeIgniter\Database\BaseConnection->initialize()
#2 C:\wamp64\www\coba\cdr\vendor\codeigniter4\framework\system\Database\BaseBuilder.php(1819): CodeIgniter\Database\BaseConnection->query('SELECT *\nFROM `...', Array, false)
#3 C:\wamp64\www\coba\cdr\vendor\codeigniter4\framework\system\Model.php(445): CodeIgniter\Database\BaseBuilder->get()
#4 C:\wamp64\www\coba\cdr\app\Models\Barang_model.php(12): CodeIgniter\Model->findAll()
#5 C:\wamp64\www\coba\cdr\app\Controllers\Barang.php(12): App\Models\Barang_model->getBarang()
#6 C:\wamp64\www\coba\cdr\vendor\codeigniter4\framework\system\CodeIgniter.php(910): App\Controllers\Barang->index()
#7 C:\wamp64\www\coba\cdr\vendor\codeigniter4\framework\system\CodeIgniter.php(398): CodeIgniter\CodeIgniter->runController(Object(App\Controllers\Barang))
#8 C:\wamp64\www\coba\cdr\vendor\codeigniter4\framework\system\CodeIgniter.php(306): CodeIgniter\CodeIgniter->handleRequest(NULL, Object(Config\Cache), false)
#9 C:\wamp64\www\coba\cdr\public\index.php(45): CodeIgniter\CodeIgniter->run()
#10 C:\wamp64\www\coba\cdr\vendor\codeigniter4\framework\system\Commands\Server\rewrite.php(34): require_once('C:\\wamp64\\www\\c...')
#11 {main}
CRITICAL - 2023-07-04 06:59:01 --> Table 'belajarci4.supplier' doesn't exist
#0 C:\wamp64\www\coba\cdr\vendor\codeigniter4\framework\system\Database\MySQLi\Connection.php(330): mysqli->query('SELECT *\nFROM `...')
#1 C:\wamp64\www\coba\cdr\vendor\codeigniter4\framework\system\Database\BaseConnection.php(738): CodeIgniter\Database\MySQLi\Connection->execute('SELECT *\nFROM `...')
#2 C:\wamp64\www\coba\cdr\vendor\codeigniter4\framework\system\Database\BaseConnection.php(666): CodeIgniter\Database\BaseConnection->simpleQuery('SELECT *\nFROM `...')
#3 C:\wamp64\www\coba\cdr\vendor\codeigniter4\framework\system\Database\BaseBuilder.php(1819): CodeIgniter\Database\BaseConnection->query('SELECT *\nFROM `...', Array, false)
#4 C:\wamp64\www\coba\cdr\vendor\codeigniter4\framework\system\Model.php(445): CodeIgniter\Database\BaseBuilder->get()
#5 C:\wamp64\www\coba\cdr\app\Models\Supplier_model.php(12): CodeIgniter\Model->findAll()
#6 C:\wamp64\www\coba\cdr\app\Controllers\Supplier.php(12): App\Models\Supplier_model->getSupplier()
#7 C:\wamp64\www\coba\cdr\vendor\codeigniter4\framework\system\CodeIgniter.php(910): App\Controllers\Supplier->index()
#8 C:\wamp64\www\coba\cdr\vendor\codeigniter4\framework\system\CodeIgniter.php(398): CodeIgniter\CodeIgniter->runController(Object(App\Controllers\Supplier))
#9 C:\wamp64\www\coba\cdr\vendor\codeigniter4\framework\system\CodeIgniter.php(306): CodeIgniter\CodeIgniter->handleRequest(NULL, Object(Config\Cache), false)
#10 C:\wamp64\www\coba\cdr\public\index.php(45): CodeIgniter\CodeIgniter->run()
#11 C:\wamp64\www\coba\cdr\vendor\codeigniter4\framework\system\Commands\Server\rewrite.php(34): require_once('C:\\wamp64\\www\\c...')
#12 {main}
CRITICAL - 2023-07-04 07:02:05 --> Invalid argument supplied for foreach()
#0 C:\wamp64\www\coba\cdr\app\Views\Supplier_view.php(18): CodeIgniter\Debug\Exceptions->errorHandler(2, 'Invalid argumen...', 'C:\\wamp64\\www\\c...', 18, Array)
#1 C:\wamp64\www\coba\cdr\vendor\codeigniter4\framework\system\View\View.php(236): include('C:\\wamp64\\www\\c...')
#2 C:\wamp64\www\coba\cdr\vendor\codeigniter4\framework\system\Common.php(1071): CodeIgniter\View\View->render('Supplier_view', Array, true)
#3 C:\wamp64\www\coba\cdr\app\Controllers\Supplier.php(14): view('Supplier_view', Array)
#4 C:\wamp64\www\coba\cdr\vendor\codeigniter4\framework\system\CodeIgniter.php(910): App\Controllers\Supplier->index()
#5 C:\wamp64\www\coba\cdr\vendor\codeigniter4\framework\system\CodeIgniter.php(398): CodeIgniter\CodeIgniter->runController(Object(App\Controllers\Supplier))
#6 C:\wamp64\www\coba\cdr\vendor\codeigniter4\framework\system\CodeIgniter.php(306): CodeIgniter\CodeIgniter->handleRequest(NULL, Object(Config\Cache), false)
#7 C:\wamp64\www\coba\cdr\public\index.php(45): CodeIgniter\CodeIgniter->run()
#8 C:\wamp64\www\coba\cdr\vendor\codeigniter4\framework\system\Commands\Server\rewrite.php(34): require_once('C:\\wamp64\\www\\c...')
#9 {main}
CRITICAL - 2023-07-04 07:04:48 --> Invalid file: barang_view.php
#0 C:\wamp64\www\coba\cdr\vendor\codeigniter4\framework\system\View\View.php(224): CodeIgniter\Exceptions\FrameworkException::forInvalidFile('barang_view.php')
#1 C:\wamp64\www\coba\cdr\vendor\codeigniter4\framework\system\Common.php(1071): CodeIgniter\View\View->render('barang_view', Array, true)
#2 C:\wamp64\www\coba\cdr\app\Controllers\Barang.php(14): view('barang_view', Array)
#3 C:\wamp64\www\coba\cdr\vendor\codeigniter4\framework\system\CodeIgniter.php(910): App\Controllers\Barang->index()
#4 C:\wamp64\www\coba\cdr\vendor\codeigniter4\framework\system\CodeIgniter.php(398): CodeIgniter\CodeIgniter->runController(Object(App\Controllers\Barang))
#5 C:\wamp64\www\coba\cdr\vendor\codeigniter4\framework\system\CodeIgniter.php(306): CodeIgniter\CodeIgniter->handleRequest(NULL, Object(Config\Cache), false)
#6 C:\wamp64\www\coba\cdr\public\index.php(45): CodeIgniter\CodeIgniter->run()
#7 C:\wamp64\www\coba\cdr\vendor\codeigniter4\framework\system\Commands\Server\rewrite.php(34): require_once('C:\\wamp64\\www\\c...')
#8 {main}
CRITICAL - 2023-07-04 07:05:13 --> Invalid file: tambah_view.php
#0 C:\wamp64\www\coba\cdr\vendor\codeigniter4\framework\system\View\View.php(224): CodeIgniter\Exceptions\FrameworkException::forInvalidFile('tambah_view.php')
#1 C:\wamp64\www\coba\cdr\vendor\codeigniter4\framework\system\Common.php(1071): CodeIgniter\View\View->render('tambah_view', Array, true)
#2 C:\wamp64\www\coba\cdr\app\Controllers\Barang.php(22): view('tambah_view', Array)
#3 C:\wamp64\www\coba\cdr\vendor\codeigniter4\framework\system\CodeIgniter.php(910): App\Controllers\Barang->tambah()
#4 C:\wamp64\www\coba\cdr\vendor\codeigniter4\framework\system\CodeIgniter.php(398): CodeIgniter\CodeIgniter->runController(Object(App\Controllers\Barang))
#5 C:\wamp64\www\coba\cdr\vendor\codeigniter4\framework\system\CodeIgniter.php(306): CodeIgniter\CodeIgniter->handleRequest(NULL, Object(Config\Cache), false)
#6 C:\wamp64\www\coba\cdr\public\index.php(45): CodeIgniter\CodeIgniter->run()
#7 C:\wamp64\www\coba\cdr\vendor\codeigniter4\framework\system\Commands\Server\rewrite.php(34): require_once('C:\\wamp64\\www\\c...')
#8 {main}
CRITICAL - 2023-07-04 07:07:35 --> Invalid file: supplier/Supplier_view.php
#0 C:\wamp64\www\coba\cdr\vendor\codeigniter4\framework\system\View\View.php(224): CodeIgniter\Exceptions\FrameworkException::forInvalidFile('supplier/Suppli...')
#1 C:\wamp64\www\coba\cdr\vendor\codeigniter4\framework\system\Common.php(1071): CodeIgniter\View\View->render('supplier/Suppli...', Array, true)
#2 C:\wamp64\www\coba\cdr\app\Controllers\Supplier.php(14): view('supplier/Suppli...', Array)
#3 C:\wamp64\www\coba\cdr\vendor\codeigniter4\framework\system\CodeIgniter.php(910): App\Controllers\Supplier->index()
#4 C:\wamp64\www\coba\cdr\vendor\codeigniter4\framework\system\CodeIgniter.php(398): CodeIgniter\CodeIgniter->runController(Object(App\Controllers\Supplier))
#5 C:\wamp64\www\coba\cdr\vendor\codeigniter4\framework\system\CodeIgniter.php(306): CodeIgniter\CodeIgniter->handleRequest(NULL, Object(Config\Cache), false)
#6 C:\wamp64\www\coba\cdr\public\index.php(45): CodeIgniter\CodeIgniter->run()
#7 C:\wamp64\www\coba\cdr\vendor\codeigniter4\framework\system\Commands\Server\rewrite.php(34): require_once('C:\\wamp64\\www\\c...')
#8 {main}
CRITICAL - 2023-07-04 07:07:39 --> Invalid file: edit_view.php
#0 C:\wamp64\www\coba\cdr\vendor\codeigniter4\framework\system\View\View.php(224): CodeIgniter\Exceptions\FrameworkException::forInvalidFile('edit_view.php')
#1 C:\wamp64\www\coba\cdr\vendor\codeigniter4\framework\system\Common.php(1071): CodeIgniter\View\View->render('edit_view', Array, true)
#2 C:\wamp64\www\coba\cdr\app\Controllers\Barang.php(53): view('edit_view', Array)
#3 C:\wamp64\www\coba\cdr\vendor\codeigniter4\framework\system\CodeIgniter.php(910): App\Controllers\Barang->edit('5')
#4 C:\wamp64\www\coba\cdr\vendor\codeigniter4\framework\system\CodeIgniter.php(398): CodeIgniter\CodeIgniter->runController(Object(App\Controllers\Barang))
#5 C:\wamp64\www\coba\cdr\vendor\codeigniter4\framework\system\CodeIgniter.php(306): CodeIgniter\CodeIgniter->handleRequest(NULL, Object(Config\Cache), false)
#6 C:\wamp64\www\coba\cdr\public\index.php(45): CodeIgniter\CodeIgniter->run()
#7 C:\wamp64\www\coba\cdr\vendor\codeigniter4\framework\system\Commands\Server\rewrite.php(34): require_once('C:\\wamp64\\www\\c...')
#8 {main}
CRITICAL - 2023-07-04 07:08:07 --> Invalid file: supplier/edit_view.php
#0 C:\wamp64\www\coba\cdr\vendor\codeigniter4\framework\system\View\View.php(224): CodeIgniter\Exceptions\FrameworkException::forInvalidFile('supplier/edit_v...')
#1 C:\wamp64\www\coba\cdr\vendor\codeigniter4\framework\system\Common.php(1071): CodeIgniter\View\View->render('supplier/edit_v...', Array, true)
#2 C:\wamp64\www\coba\cdr\app\Controllers\Barang.php(53): view('supplier/edit_v...', Array)
#3 C:\wamp64\www\coba\cdr\vendor\codeigniter4\framework\system\CodeIgniter.php(910): App\Controllers\Barang->edit('5')
#4 C:\wamp64\www\coba\cdr\vendor\codeigniter4\framework\system\CodeIgniter.php(398): CodeIgniter\CodeIgniter->runController(Object(App\Controllers\Barang))
#5 C:\wamp64\www\coba\cdr\vendor\codeigniter4\framework\system\CodeIgniter.php(306): CodeIgniter\CodeIgniter->handleRequest(NULL, Object(Config\Cache), false)
#6 C:\wamp64\www\coba\cdr\public\index.php(45): CodeIgniter\CodeIgniter->run()
#7 C:\wamp64\www\coba\cdr\vendor\codeigniter4\framework\system\Commands\Server\rewrite.php(34): require_once('C:\\wamp64\\www\\c...')
#8 {main}
CRITICAL - 2023-07-04 07:36:54 --> Invalid argument supplied for foreach()
#0 C:\wamp64\www\coba\cdr\app\Views\welcome_message.php(21): CodeIgniter\Debug\Exceptions->errorHandler(2, 'Invalid argumen...', 'C:\\wamp64\\www\\c...', 21, Array)
#1 C:\wamp64\www\coba\cdr\vendor\codeigniter4\framework\system\View\View.php(236): include('C:\\wamp64\\www\\c...')
#2 C:\wamp64\www\coba\cdr\vendor\codeigniter4\framework\system\Common.php(1071): CodeIgniter\View\View->render('welcome_message', Array, true)
#3 C:\wamp64\www\coba\cdr\app\Controllers\Home.php(7): view('welcome_message')
#4 C:\wamp64\www\coba\cdr\vendor\codeigniter4\framework\system\CodeIgniter.php(910): App\Controllers\Home->index()
#5 C:\wamp64\www\coba\cdr\vendor\codeigniter4\framework\system\CodeIgniter.php(398): CodeIgniter\CodeIgniter->runController(Object(App\Controllers\Home))
#6 C:\wamp64\www\coba\cdr\vendor\codeigniter4\framework\system\CodeIgniter.php(306): CodeIgniter\CodeIgniter->handleRequest(NULL, Object(Config\Cache), false)
#7 C:\wamp64\www\coba\cdr\public\index.php(45): CodeIgniter\CodeIgniter->run()
#8 C:\wamp64\www\coba\cdr\vendor\codeigniter4\framework\system\Commands\Server\rewrite.php(34): require_once('C:\\wamp64\\www\\c...')
#9 {main}
CRITICAL - 2023-07-04 07:39:06 --> Class 'App\Controllers\Barang_model' not found
#0 C:\wamp64\www\coba\cdr\vendor\codeigniter4\framework\system\CodeIgniter.php(910): App\Controllers\Home->index()
#1 C:\wamp64\www\coba\cdr\vendor\codeigniter4\framework\system\CodeIgniter.php(398): CodeIgniter\CodeIgniter->runController(Object(App\Controllers\Home))
#2 C:\wamp64\www\coba\cdr\vendor\codeigniter4\framework\system\CodeIgniter.php(306): CodeIgniter\CodeIgniter->handleRequest(NULL, Object(Config\Cache), false)
#3 C:\wamp64\www\coba\cdr\public\index.php(45): CodeIgniter\CodeIgniter->run()
#4 C:\wamp64\www\coba\cdr\vendor\codeigniter4\framework\system\Commands\Server\rewrite.php(34): require_once('C:\\wamp64\\www\\c...')
#5 {main}
CRITICAL - 2023-07-04 07:39:11 --> Argument 2 passed to view() must be of the type array, null given, called in C:\wamp64\www\coba\cdr\app\Controllers\Home.php on line 7
#0 C:\wamp64\www\coba\cdr\app\Controllers\Home.php(7): view('header_view', NULL)
#1 C:\wamp64\www\coba\cdr\vendor\codeigniter4\framework\system\CodeIgniter.php(910): App\Controllers\Home->index()
#2 C:\wamp64\www\coba\cdr\vendor\codeigniter4\framework\system\CodeIgniter.php(398): CodeIgniter\CodeIgniter->runController(Object(App\Controllers\Home))
#3 C:\wamp64\www\coba\cdr\vendor\codeigniter4\framework\system\CodeIgniter.php(306): CodeIgniter\CodeIgniter->handleRequest(NULL, Object(Config\Cache), false)
#4 C:\wamp64\www\coba\cdr\public\index.php(45): CodeIgniter\CodeIgniter->run()
#5 C:\wamp64\www\coba\cdr\vendor\codeigniter4\framework\system\Commands\Server\rewrite.php(34): require_once('C:\\wamp64\\www\\c...')
#6 {main}
CRITICAL - 2023-07-04 07:39:18 --> Argument 2 passed to view() must be of the type array, null given, called in C:\wamp64\www\coba\cdr\app\Controllers\Home.php on line 7
#0 C:\wamp64\www\coba\cdr\app\Controllers\Home.php(7): view('header_view', NULL)
#1 C:\wamp64\www\coba\cdr\vendor\codeigniter4\framework\system\CodeIgniter.php(910): App\Controllers\Home->index()
#2 C:\wamp64\www\coba\cdr\vendor\codeigniter4\framework\system\CodeIgniter.php(398): CodeIgniter\CodeIgniter->runController(Object(App\Controllers\Home))
#3 C:\wamp64\www\coba\cdr\vendor\codeigniter4\framework\system\CodeIgniter.php(306): CodeIgniter\CodeIgniter->handleRequest(NULL, Object(Config\Cache), false)
#4 C:\wamp64\www\coba\cdr\public\index.php(45): CodeIgniter\CodeIgniter->run()
#5 C:\wamp64\www\coba\cdr\vendor\codeigniter4\framework\system\Commands\Server\rewrite.php(34): require_once('C:\\wamp64\\www\\c...')
#6 {main}
CRITICAL - 2023-07-04 07:39:38 --> Argument 2 passed to view() must be of the type array, null given, called in C:\wamp64\www\coba\cdr\app\Controllers\Home.php on line 8
#0 C:\wamp64\www\coba\cdr\app\Controllers\Home.php(8): view('header_view', NULL)
#1 C:\wamp64\www\coba\cdr\vendor\codeigniter4\framework\system\CodeIgniter.php(910): App\Controllers\Home->index()
#2 C:\wamp64\www\coba\cdr\vendor\codeigniter4\framework\system\CodeIgniter.php(398): CodeIgniter\CodeIgniter->runController(Object(App\Controllers\Home))
#3 C:\wamp64\www\coba\cdr\vendor\codeigniter4\framework\system\CodeIgniter.php(306): CodeIgniter\CodeIgniter->handleRequest(NULL, Object(Config\Cache), false)
#4 C:\wamp64\www\coba\cdr\public\index.php(45): CodeIgniter\CodeIgniter->run()
#5 C:\wamp64\www\coba\cdr\vendor\codeigniter4\framework\system\Commands\Server\rewrite.php(34): require_once('C:\\wamp64\\www\\c...')
#6 {main}
CRITICAL - 2023-07-04 07:41:17 --> Argument 2 passed to view() must be of the type array, null given, called in C:\wamp64\www\coba\cdr\app\Controllers\Home.php on line 9
#0 C:\wamp64\www\coba\cdr\app\Controllers\Home.php(9): view('header_view', NULL)
#1 C:\wamp64\www\coba\cdr\vendor\codeigniter4\framework\system\CodeIgniter.php(910): App\Controllers\Home->index()
#2 C:\wamp64\www\coba\cdr\vendor\codeigniter4\framework\system\CodeIgniter.php(398): CodeIgniter\CodeIgniter->runController(Object(App\Controllers\Home))
#3 C:\wamp64\www\coba\cdr\vendor\codeigniter4\framework\system\CodeIgniter.php(306): CodeIgniter\CodeIgniter->handleRequest(NULL, Object(Config\Cache), false)
#4 C:\wamp64\www\coba\cdr\public\index.php(45): CodeIgniter\CodeIgniter->run()
#5 C:\wamp64\www\coba\cdr\vendor\codeigniter4\framework\system\Commands\Server\rewrite.php(34): require_once('C:\\wamp64\\www\\c...')
#6 {main}
